<?xml version="1.0" encoding="UTF-8"?>
<testng-results ignored="0" total="2" passed="2" failed="0" skipped="0">
  <reporter-output>
  </reporter-output>
  <suite started-at="2023-01-27T19:37:50 IST" name="Default suite" finished-at="2023-01-27T19:38:20 IST" duration-ms="29390">
    <groups>
    </groups>
    <test started-at="2023-01-27T19:37:50 IST" name="Default test" finished-at="2023-01-27T19:38:20 IST" duration-ms="29390">
      <class name="takeScreenShotDynamic.ActiTimeTestNGLogin">
        <test-method is-config="true" signature="setUp()[pri:0, instance:takeScreenShotDynamic.ActiTimeTestNGLogin@41e1e210]" started-at="2023-01-27T19:37:50 IST" name="setUp" finished-at="2023-01-27T19:38:03 IST" duration-ms="12892" status="PASS">
          <reporter-output>
          </reporter-output>
        </test-method> <!-- setUp -->
        <test-method signature="LogInPage()[pri:0, instance:takeScreenShotDynamic.ActiTimeTestNGLogin@41e1e210]" started-at="2023-01-27T19:38:03 IST" name="LogInPage" finished-at="2023-01-27T19:38:04 IST" duration-ms="498" status="PASS">
          <reporter-output>
          </reporter-output>
        </test-method> <!-- LogInPage -->
        <test-method is-config="true" signature="tearDown()[pri:0, instance:takeScreenShotDynamic.ActiTimeTestNGLogin@41e1e210]" started-at="2023-01-27T19:38:04 IST" name="tearDown" finished-at="2023-01-27T19:38:04 IST" duration-ms="558" status="PASS">
          <reporter-output>
          </reporter-output>
        </test-method> <!-- tearDown -->
        <test-method is-config="true" signature="setUp()[pri:0, instance:takeScreenShotDynamic.ActiTimeTestNGLogin@41e1e210]" started-at="2023-01-27T19:38:04 IST" name="setUp" finished-at="2023-01-27T19:38:07 IST" duration-ms="3203" status="PASS">
          <reporter-output>
          </reporter-output>
        </test-method> <!-- setUp -->
        <test-method signature="homePage()[pri:1, instance:takeScreenShotDynamic.ActiTimeTestNGLogin@41e1e210]" started-at="2023-01-27T19:38:07 IST" name="homePage" finished-at="2023-01-27T19:38:19 IST" duration-ms="11673" status="PASS">
          <reporter-output>
          </reporter-output>
        </test-method> <!-- homePage -->
        <test-method is-config="true" signature="tearDown()[pri:0, instance:takeScreenShotDynamic.ActiTimeTestNGLogin@41e1e210]" started-at="2023-01-27T19:38:19 IST" name="tearDown" finished-at="2023-01-27T19:38:20 IST" duration-ms="479" status="PASS">
          <reporter-output>
          </reporter-output>
        </test-method> <!-- tearDown -->
      </class> <!-- takeScreenShotDynamic.ActiTimeTestNGLogin -->
    </test> <!-- Default test -->
  </suite> <!-- Default suite -->
</testng-results>
