<?xml version="1.0" encoding="UTF-8"?>
<!-- Generated by org.testng.reporters.JUnitXMLReporter -->
<testsuite ignored="0" hostname="DESKTOP-23DKO3H" failures="1" tests="9" name="Test" time="0.316" errors="0" timestamp="2023-01-23T20:24:54 IST">
  <testcase classname="testNGPack.Demo" name="demo" time="0.033"/>
  <testcase classname="testNGPack.Demo" name="demo1" time="0.007"/>
  <testcase classname="testNGPack.Demo" name="demo2" time="0.011">
    <failure type="java.lang.ArithmeticException" message="/ by zero">
      <![CDATA[java.lang.ArithmeticException: / by zero
at testNGPack.Demo.demo2(Demo.java:22)
at java.base/java.util.ArrayList.forEach(ArrayList.java:1511)
... Removed 27 stack frames]]>
    </failure>
  </testcase> <!-- demo2 -->
  <testcase classname="testNGPack.Remo" name="remo" time="0.003"/>
  <testcase classname="testNGPack.Remo" name="remo1" time="0.008"/>
  <testcase classname="testNGPack.Remo" name="remo2" time="0.002"/>
  <testcase classname="testNGPack.Sumo" name="sumo" time="0.003"/>
  <testcase classname="testNGPack.Sumo" name="sumo1" time="0.002"/>
  <testcase classname="testNGPack.Sumo" name="sumo2" time="0.019"/>
</testsuite> <!-- Test -->
